[2025-08-05 17:53:50 +0000] [124306] [INFO] Starting gunicorn 23.0.0
[2025-08-05 17:53:50 +0000] [124306] [INFO] Listening at: http://127.0.0.1:5000 (124306)
[2025-08-05 17:53:50 +0000] [124306] [INFO] Using worker: sync
[2025-08-05 17:53:50 +0000] [124308] [INFO] Booting worker with pid: 124308
[2025-08-05 17:55:36 +0000] [124306] [INFO] Handling signal: hup
[2025-08-05 17:55:36 +0000] [124306] [INFO] Hang up: Master
[2025-08-05 17:55:36 +0000] [124306] [ERROR] Worker (pid:124308) was sent SIGHUP!
[2025-08-05 17:55:36 +0000] [124389] [INFO] Booting worker with pid: 124389
[2025-08-06 14:42:37 +0000] [124389] [INFO] Worker exiting (pid: 124389)
[2025-08-06 14:42:37 +0000] [124306] [INFO] Handling signal: term
[2025-08-06 14:42:37 +0000] [124306] [ERROR] Worker (pid:124389) was sent SIGTERM!
[2025-08-06 14:42:37 +0000] [124306] [INFO] Shutting down: Master
[2025-08-06 16:03:28 +0000] [136473] [INFO] Starting gunicorn 23.0.0
[2025-08-06 16:03:28 +0000] [136473] [INFO] Listening at: http://127.0.0.1:5000 (136473)
[2025-08-06 16:03:28 +0000] [136473] [INFO] Using worker: sync
[2025-08-06 16:03:28 +0000] [136475] [INFO] Booting worker with pid: 136475
[2025-08-06 16:03:36 +0000] [136473] [INFO] Handling signal: hup
[2025-08-06 16:03:36 +0000] [136473] [INFO] Hang up: Master
[2025-08-06 16:03:36 +0000] [136473] [ERROR] Worker (pid:136475) was sent SIGHUP!
[2025-08-06 16:03:36 +0000] [136557] [INFO] Booting worker with pid: 136557
[2025-08-07 11:02:12 +0000] [2422] [INFO] Starting gunicorn 23.0.0
[2025-08-07 11:02:12 +0000] [2422] [INFO] Listening at: http://127.0.0.1:5000 (2422)
[2025-08-07 11:02:12 +0000] [2422] [INFO] Using worker: sync
[2025-08-07 11:02:12 +0000] [2424] [INFO] Booting worker with pid: 2424
[2025-08-07 11:03:29 +0000] [2422] [INFO] Handling signal: hup
[2025-08-07 11:03:29 +0000] [2422] [INFO] Hang up: Master
[2025-08-07 11:03:29 +0000] [2511] [INFO] Booting worker with pid: 2511
[2025-08-07 11:03:29 +0000] [2422] [ERROR] Worker (pid:2424) was sent SIGHUP!
[2025-08-08 15:24:40 +0000] [2511] [INFO] Worker exiting (pid: 2511)
[2025-08-08 15:24:40 +0000] [2422] [INFO] Handling signal: term
[2025-08-08 15:24:40 +0000] [2422] [ERROR] Worker (pid:2511) was sent SIGTERM!
[2025-08-08 15:24:40 +0000] [2422] [INFO] Shutting down: Master
[2025-08-08 16:23:09 +0000] [10950] [INFO] Starting gunicorn 23.0.0
[2025-08-08 16:23:09 +0000] [10950] [INFO] Listening at: http://127.0.0.1:5000 (10950)
[2025-08-08 16:23:09 +0000] [10950] [INFO] Using worker: sync
[2025-08-08 16:23:09 +0000] [10953] [INFO] Booting worker with pid: 10953
[2025-08-08 16:23:12 +0000] [10950] [INFO] Handling signal: hup
[2025-08-08 16:23:12 +0000] [10950] [INFO] Hang up: Master
[2025-08-08 16:23:12 +0000] [11013] [INFO] Booting worker with pid: 11013
[2025-08-08 16:23:12 +0000] [10950] [ERROR] Worker (pid:10953) was sent SIGHUP!
[2025-08-08 17:22:35 +0000] [11013] [WARNING] Invalid request from ip=127.0.0.1: Invalid HTTP Version: '213.209.150.159/jaws;sh+/tmp/jaws HTTP/1.0'
[2025-08-09 04:19:38 +0000] [10950] [INFO] Handling signal: term
[2025-08-09 04:19:38 +0000] [11013] [INFO] Worker exiting (pid: 11013)
[2025-08-09 04:19:38 +0000] [10950] [INFO] Shutting down: Master
